# JRE version: Java(TM) SE Runtime Environment (8.0_211-b12) (build 1.8.0_211-b12)
# Java VM: Java HotSpot(TM) 64-Bit Server VM (25.211-b12 mixed mode windows-amd64 compressed oops)
Heap:
 PSYoungGen      total 74752K, used 66767K [0x00000000fab00000, 0x0000000100000000, 0x0000000100000000)
  eden space 62464K, 100% used [0x00000000fab00000,0x00000000fe800000,0x00000000fe800000)
  from space 12288K, 35% used [0x00000000ff400000,0x00000000ff833dd8,0x0000000100000000)
  to   space 12288K, 14% used [0x00000000fe800000,0x00000000fe9c7f80,0x00000000ff400000)
 ParOldGen       total 51200K, used 42095K [0x00000000f0000000, 0x00000000f3200000, 0x00000000fab00000)
  object space 51200K, 82% used [0x00000000f0000000,0x00000000f291bcd8,0x00000000f3200000)
 Metaspace       used 49272K, capacity 51036K, committed 51160K, reserved 1093632K
  class space    used 6487K, capacity 6828K, committed 6912K, reserved 1048576K
GC Heap History (10 events):
Event: 6.287 GC heap after
Heap after GC invocations=20 (full 2):
 PSYoungGen      total 72704K, used 8162K [0x00000000fab00000, 0x00000000fff00000, 0x0000000100000000)
  eden space 60416K, 0% used [0x00000000fab00000,0x00000000fab00000,0x00000000fe600000)
  from space 12288K, 66% used [0x00000000ff300000,0x00000000ffaf8a50,0x00000000fff00000)
  to   space 12800K, 0% used [0x00000000fe600000,0x00000000fe600000,0x00000000ff280000)
 ParOldGen       total 51200K, used 31229K [0x00000000f0000000, 0x00000000f3200000, 0x00000000fab00000)
  object space 51200K, 60% used [0x00000000f0000000,0x00000000f1e7f4b8,0x00000000f3200000)
 Metaspace       used 39860K, capacity 40978K, committed 41048K, reserved 1085440K
  class space    used 5245K, capacity 5497K, committed 5504K, reserved 1048576K
}
Event: 6.580 GC heap before
{Heap before GC invocations=21 (full 2):
 PSYoungGen      total 72704K, used 68578K [0x00000000fab00000, 0x00000000fff00000, 0x0000000100000000)
  eden space 60416K, 100% used [0x00000000fab00000,0x00000000fe600000,0x00000000fe600000)
  from space 12288K, 66% used [0x00000000ff300000,0x00000000ffaf8a50,0x00000000fff00000)
  to   space 12800K, 0% used [0x00000000fe600000,0x00000000fe600000,0x00000000ff280000)
 ParOldGen       total 51200K, used 31229K [0x00000000f0000000, 0x00000000f3200000, 0x00000000fab00000)
  object space 51200K, 60% used [0x00000000f0000000,0x00000000f1e7f4b8,0x00000000f3200000)
 Metaspace       used 40750K, capacity 41878K, committed 41944K, reserved 1085440K
  class space    used 5360K, capacity 5603K, committed 5632K, reserved 1048576K
Event: 6.587 GC heap after
Heap after GC invocations=21 (full 2):
 PSYoungGen      total 73216K, used 7278K [0x00000000fab00000, 0x00000000fff80000, 0x0000000100000000)
  eden space 60416K, 0% used [0x00000000fab00000,0x00000000fab00000,0x00000000fe600000)
  from space 12800K, 56% used [0x00000000fe600000,0x00000000fed1ba98,0x00000000ff280000)
  to   space 12288K, 0% used [0x00000000ff380000,0x00000000ff380000,0x00000000fff80000)
 ParOldGen       total 51200K, used 32293K [0x00000000f0000000, 0x00000000f3200000, 0x00000000fab00000)
  object space 51200K, 63% used [0x00000000f0000000,0x00000000f1f894b8,0x00000000f3200000)
 Metaspace       used 40750K, capacity 41878K, committed 41944K, reserved 1085440K
  class space    used 5360K, capacity 5603K, committed 5632K, reserved 1048576K
}
Event: 6.881 GC heap before
{Heap before GC invocations=22 (full 2):
 PSYoungGen      total 73216K, used 67694K [0x00000000fab00000, 0x00000000fff80000, 0x0000000100000000)
  eden space 60416K, 100% used [0x00000000fab00000,0x00000000fe600000,0x00000000fe600000)
  from space 12800K, 56% used [0x00000000fe600000,0x00000000fed1ba98,0x00000000ff280000)
  to   space 12288K, 0% used [0x00000000ff380000,0x00000000ff380000,0x00000000fff80000)
 ParOldGen       total 51200K, used 32293K [0x00000000f0000000, 0x00000000f3200000, 0x00000000fab00000)
  object space 51200K, 63% used [0x00000000f0000000,0x00000000f1f894b8,0x00000000f3200000)
 Metaspace       used 41513K, capacity 42712K, committed 42840K, reserved 1087488K
  class space    used 5462K, capacity 5714K, committed 5760K, reserved 1048576K
Event: 6.903 GC heap after
Heap after GC invocations=22 (full 2):
 PSYoungGen      total 74240K, used 5013K [0x00000000fab00000, 0x00000000fff80000, 0x0000000100000000)
  eden space 61952K, 0% used [0x00000000fab00000,0x00000000fab00000,0x00000000fe780000)
  from space 12288K, 40% used [0x00000000ff380000,0x00000000ff8654e8,0x00000000fff80000)
  to   space 12288K, 0% used [0x00000000fe780000,0x00000000fe780000,0x00000000ff380000)
 ParOldGen       total 51200K, used 33845K [0x00000000f0000000, 0x00000000f3200000, 0x00000000fab00000)
  object space 51200K, 66% used [0x00000000f0000000,0x00000000f210d520,0x00000000f3200000)
 Metaspace       used 41513K, capacity 42712K, committed 42840K, reserved 1087488K
  class space    used 5462K, capacity 5714K, committed 5760K, reserved 1048576K
}
Event: 7.352 GC heap before
{Heap before GC invocations=23 (full 2):
 PSYoungGen      total 74240K, used 66965K [0x00000000fab00000, 0x00000000fff80000, 0x0000000100000000)
  eden space 61952K, 100% used [0x00000000fab00000,0x00000000fe780000,0x00000000fe780000)
  from space 12288K, 40% used [0x00000000ff380000,0x00000000ff8654e8,0x00000000fff80000)
  to   space 12288K, 0% used [0x00000000fe780000,0x00000000fe780000,0x00000000ff380000)
 ParOldGen       total 51200K, used 33845K [0x00000000f0000000, 0x00000000f3200000, 0x00000000fab00000)
  object space 51200K, 66% used [0x00000000f0000000,0x00000000f210d520,0x00000000f3200000)
 Metaspace       used 43532K, capacity 44828K, committed 45016K, reserved 1087488K
  class space    used 5789K, capacity 6056K, committed 6144K, reserved 1048576K
Event: 7.359 GC heap after
Heap after GC invocations=23 (full 2):
 PSYoungGen      total 74240K, used 5251K [0x00000000fab00000, 0x0000000100000000, 0x0000000100000000)
  eden space 61952K, 0% used [0x00000000fab00000,0x00000000fab00000,0x00000000fe780000)
  from space 12288K, 42% used [0x00000000fe780000,0x00000000feca0d70,0x00000000ff380000)
  to   space 12288K, 0% used [0x00000000ff400000,0x00000000ff400000,0x0000000100000000)
 ParOldGen       total 51200K, used 36781K [0x00000000f0000000, 0x00000000f3200000, 0x00000000fab00000)
  object space 51200K, 71% used [0x00000000f0000000,0x00000000f23eb520,0x00000000f3200000)
 Metaspace       used 43532K, capacity 44828K, committed 45016K, reserved 1087488K
  class space    used 5789K, capacity 6056K, committed 6144K, reserved 1048576K
}
Event: 7.904 GC heap before
{Heap before GC invocations=24 (full 2):
 PSYoungGen      total 74240K, used 67203K [0x00000000fab00000, 0x0000000100000000, 0x0000000100000000)
  eden space 61952K, 100% used [0x00000000fab00000,0x00000000fe780000,0x00000000fe780000)
  from space 12288K, 42% used [0x00000000fe780000,0x00000000feca0d70,0x00000000ff380000)
  to   space 12288K, 0% used [0x00000000ff400000,0x00000000ff400000,0x0000000100000000)
 ParOldGen       total 51200K, used 36781K [0x00000000f0000000, 0x00000000f3200000, 0x00000000fab00000)
  object space 51200K, 71% used [0x00000000f0000000,0x00000000f23eb520,0x00000000f3200000)
 Metaspace       used 46225K, capacity 47826K, committed 47960K, reserved 1091584K
  class space    used 6126K, capacity 6419K, committed 6528K, reserved 1048576K
Event: 7.912 GC heap after
Heap after GC invocations=24 (full 2):
 PSYoungGen      total 74752K, used 4303K [0x00000000fab00000, 0x0000000100000000, 0x0000000100000000)
  eden space 62464K, 0% used [0x00000000fab00000,0x00000000fab00000,0x00000000fe800000)
  from space 12288K, 35% used [0x00000000ff400000,0x00000000ff833dd8,0x0000000100000000)
  to   space 12288K, 0% used [0x00000000fe800000,0x00000000fe800000,0x00000000ff400000)
 ParOldGen       total 51200K, used 39247K [0x00000000f0000000, 0x00000000f3200000, 0x00000000fab00000)
  object space 51200K, 76% used [0x00000000f0000000,0x00000000f2653cc8,0x00000000f3200000)
 Metaspace       used 46225K, capacity 47826K, committed 47960K, reserved 1091584K
  class space    used 6126K, capacity 6419K, committed 6528K, reserved 1048576K
}
Event: 8.379 GC heap before
{Heap before GC invocations=25 (full 2):
 PSYoungGen      total 74752K, used 66767K [0x00000000fab00000, 0x0000000100000000, 0x0000000100000000)
  eden space 62464K, 100% used [0x00000000fab00000,0x00000000fe800000,0x00000000fe800000)
  from space 12288K, 35% used [0x00000000ff400000,0x00000000ff833dd8,0x0000000100000000)
  to   space 12288K, 0% used [0x00000000fe800000,0x00000000fe800000,0x00000000ff400000)
 ParOldGen       total 51200K, used 39247K [0x00000000f0000000, 0x00000000f3200000, 0x00000000fab00000)
  object space 51200K, 76% used [0x00000000f0000000,0x00000000f2653cc8,0x00000000f3200000)
 Metaspace       used 49272K, capacity 51036K, committed 51160K, reserved 1093632K
  class space    used 6487K, capacity 6828K, committed 6912K, reserved 1048576K

